{"C:\\disk D\\ESDE\\Design_Patterns\\design-patterns\\src\\entities\\main-entities.ts": {"path":"C:\\disk D\\ESDE\\Design_Patterns\\design-patterns\\src\\entities\\main-entities.ts","statementMap":{"0":{"start":{"line":1,"column":0},"end":{"line":1,"column":36}},"1":{"start":{"line":9,"column":4},"end":{"line":9,"column":15}},"2":{"start":{"line":10,"column":4},"end":{"line":10,"column":15}},"3":{"start":{"line":11,"column":4},"end":{"line":11,"column":15}},"4":{"start":{"line":15,"column":4},"end":{"line":15,"column":18}},"5":{"start":{"line":19,"column":4},"end":{"line":19,"column":18}},"6":{"start":{"line":23,"column":4},"end":{"line":23,"column":18}},"7":{"start":{"line":27,"column":4},"end":{"line":27,"column":36}},"8":{"start":{"line":3,"column":0},"end":{"line":3,"column":13}},"9":{"start":{"line":36,"column":4},"end":{"line":36,"column":21}},"10":{"start":{"line":37,"column":4},"end":{"line":37,"column":23}},"11":{"start":{"line":41,"column":4},"end":{"line":41,"column":21}},"12":{"start":{"line":45,"column":4},"end":{"line":45,"column":21}},"13":{"start":{"line":49,"column":4},"end":{"line":49,"column":19}},"14":{"start":{"line":31,"column":0},"end":{"line":31,"column":13}}},"fnMap":{"0":{"name":"(anonymous_0)","decl":{"start":{"line":8,"column":2},"end":{"line":8,"column":14}},"loc":{"start":{"line":8,"column":49},"end":{"line":12,"column":3}}},"1":{"name":"(anonymous_1)","decl":{"start":{"line":14,"column":2},"end":{"line":14,"column":6}},"loc":{"start":{"line":14,"column":6},"end":{"line":16,"column":3}}},"2":{"name":"(anonymous_2)","decl":{"start":{"line":18,"column":2},"end":{"line":18,"column":6}},"loc":{"start":{"line":18,"column":6},"end":{"line":20,"column":3}}},"3":{"name":"(anonymous_3)","decl":{"start":{"line":22,"column":2},"end":{"line":22,"column":6}},"loc":{"start":{"line":22,"column":6},"end":{"line":24,"column":3}}},"4":{"name":"(anonymous_4)","decl":{"start":{"line":26,"column":2},"end":{"line":26,"column":10}},"loc":{"start":{"line":26,"column":10},"end":{"line":28,"column":3}}},"5":{"name":"(anonymous_5)","decl":{"start":{"line":35,"column":2},"end":{"line":35,"column":14}},"loc":{"start":{"line":35,"column":26},"end":{"line":38,"column":3}}},"6":{"name":"(anonymous_6)","decl":{"start":{"line":40,"column":2},"end":{"line":40,"column":9}},"loc":{"start":{"line":40,"column":9},"end":{"line":42,"column":3}}},"7":{"name":"(anonymous_7)","decl":{"start":{"line":44,"column":2},"end":{"line":44,"column":9}},"loc":{"start":{"line":44,"column":22},"end":{"line":46,"column":3}}},"8":{"name":"(anonymous_8)","decl":{"start":{"line":48,"column":2},"end":{"line":48,"column":7}},"loc":{"start":{"line":48,"column":7},"end":{"line":50,"column":3}}}},"branchMap":{"0":{"loc":{"start":{"line":8,"column":36},"end":{"line":8,"column":49}},"type":"default-arg","locations":[{"start":{"line":8,"column":48},"end":{"line":8,"column":49}}]}},"s":{"0":2,"1":7,"2":7,"3":7,"4":6,"5":6,"6":2,"7":0,"8":2,"9":6,"10":6,"11":0,"12":0,"13":0,"14":2},"f":{"0":7,"1":6,"2":6,"3":2,"4":0,"5":6,"6":0,"7":0,"8":0},"b":{"0":[6]}}
,"C:\\disk D\\ESDE\\Design_Patterns\\design-patterns\\src\\entities\\shape-entities.ts": {"path":"C:\\disk D\\ESDE\\Design_Patterns\\design-patterns\\src\\entities\\shape-entities.ts","statementMap":{"0":{"start":{"line":1,"column":0},"end":{"line":1,"column":47}},"1":{"start":{"line":9,"column":4},"end":{"line":9,"column":16}},"2":{"start":{"line":5,"column":12},"end":{"line":5,"column":25}},"3":{"start":{"line":6,"column":12},"end":{"line":6,"column":25}},"4":{"start":{"line":13,"column":4},"end":{"line":13,"column":23}},"5":{"start":{"line":17,"column":4},"end":{"line":17,"column":23}},"6":{"start":{"line":3,"column":0},"end":{"line":3,"column":13}},"7":{"start":{"line":27,"column":4},"end":{"line":27,"column":16}},"8":{"start":{"line":23,"column":12},"end":{"line":23,"column":24}},"9":{"start":{"line":24,"column":12},"end":{"line":24,"column":30}},"10":{"start":{"line":31,"column":4},"end":{"line":31,"column":22}},"11":{"start":{"line":35,"column":4},"end":{"line":35,"column":27}},"12":{"start":{"line":21,"column":0},"end":{"line":21,"column":13}}},"fnMap":{"0":{"name":"(anonymous_0)","decl":{"start":{"line":4,"column":2},"end":{"line":4,"column":null}},"loc":{"start":{"line":7,"column":16},"end":{"line":10,"column":3}}},"1":{"name":"(anonymous_1)","decl":{"start":{"line":12,"column":2},"end":{"line":12,"column":11}},"loc":{"start":{"line":12,"column":11},"end":{"line":14,"column":3}}},"2":{"name":"(anonymous_2)","decl":{"start":{"line":16,"column":2},"end":{"line":16,"column":11}},"loc":{"start":{"line":16,"column":11},"end":{"line":18,"column":3}}},"3":{"name":"(anonymous_3)","decl":{"start":{"line":22,"column":2},"end":{"line":22,"column":null}},"loc":{"start":{"line":25,"column":16},"end":{"line":28,"column":3}}},"4":{"name":"(anonymous_4)","decl":{"start":{"line":30,"column":2},"end":{"line":30,"column":15}},"loc":{"start":{"line":30,"column":15},"end":{"line":32,"column":3}}},"5":{"name":"(anonymous_5)","decl":{"start":{"line":34,"column":2},"end":{"line":34,"column":15}},"loc":{"start":{"line":34,"column":15},"end":{"line":36,"column":3}}}},"branchMap":{},"s":{"0":2,"1":3,"2":3,"3":3,"4":4,"5":4,"6":2,"7":3,"8":3,"9":3,"10":1,"11":3,"12":2},"f":{"0":3,"1":4,"2":4,"3":3,"4":1,"5":3},"b":{}}
,"C:\\disk D\\ESDE\\Design_Patterns\\design-patterns\\src\\shapes\\cybe.ts": {"path":"C:\\disk D\\ESDE\\Design_Patterns\\design-patterns\\src\\shapes\\cybe.ts","statementMap":{"0":{"start":{"line":4,"column":31},"end":{"line":4,"column":49}},"1":{"start":{"line":7,"column":4},"end":{"line":7,"column":43}},"2":{"start":{"line":11,"column":14},"end":{"line":11,"column":41}},"3":{"start":{"line":12,"column":4},"end":{"line":12,"column":21}},"4":{"start":{"line":16,"column":14},"end":{"line":16,"column":41}},"5":{"start":{"line":17,"column":4},"end":{"line":17,"column":21}},"6":{"start":{"line":21,"column":14},"end":{"line":21,"column":41}},"7":{"start":{"line":22,"column":14},"end":{"line":22,"column":41}},"8":{"start":{"line":23,"column":4},"end":{"line":26,"column":6}},"9":{"start":{"line":30,"column":14},"end":{"line":30,"column":41}},"10":{"start":{"line":31,"column":14},"end":{"line":31,"column":41}},"11":{"start":{"line":32,"column":19},"end":{"line":32,"column":27}},"12":{"start":{"line":33,"column":16},"end":{"line":33,"column":28}},"13":{"start":{"line":36,"column":4},"end":{"line":50,"column":5}},"14":{"start":{"line":37,"column":26},"end":{"line":37,"column":35}},"15":{"start":{"line":40,"column":20},"end":{"line":40,"column":36}},"16":{"start":{"line":41,"column":20},"end":{"line":41,"column":23}},"17":{"start":{"line":44,"column":26},"end":{"line":44,"column":39}},"18":{"start":{"line":46,"column":26},"end":{"line":46,"column":39}},"19":{"start":{"line":49,"column":6},"end":{"line":49,"column":39}},"20":{"start":{"line":52,"column":4},"end":{"line":52,"column":13}},"21":{"start":{"line":3,"column":0},"end":{"line":3,"column":13}}},"fnMap":{"0":{"name":"(anonymous_0)","decl":{"start":{"line":4,"column":2},"end":{"line":4,"column":31}},"loc":{"start":{"line":4,"column":49},"end":{"line":4,"column":53}}},"1":{"name":"(anonymous_1)","decl":{"start":{"line":6,"column":2},"end":{"line":6,"column":8}},"loc":{"start":{"line":6,"column":8},"end":{"line":8,"column":3}}},"2":{"name":"(anonymous_2)","decl":{"start":{"line":10,"column":2},"end":{"line":10,"column":13}},"loc":{"start":{"line":10,"column":13},"end":{"line":13,"column":3}}},"3":{"name":"(anonymous_3)","decl":{"start":{"line":15,"column":2},"end":{"line":15,"column":8}},"loc":{"start":{"line":15,"column":8},"end":{"line":18,"column":3}}},"4":{"name":"(anonymous_4)","decl":{"start":{"line":20,"column":2},"end":{"line":20,"column":25}},"loc":{"start":{"line":20,"column":25},"end":{"line":27,"column":3}}},"5":{"name":"(anonymous_5)","decl":{"start":{"line":29,"column":2},"end":{"line":29,"column":23}},"loc":{"start":{"line":29,"column":23},"end":{"line":53,"column":3}}}},"branchMap":{"0":{"loc":{"start":{"line":24,"column":6},"end":{"line":25,"column":68}},"type":"binary-expr","locations":[{"start":{"line":24,"column":6},"end":{"line":24,"column":20}},{"start":{"line":24,"column":24},"end":{"line":24,"column":38}},{"start":{"line":24,"column":42},"end":{"line":24,"column":56}},{"start":{"line":25,"column":6},"end":{"line":25,"column":24}},{"start":{"line":25,"column":28},"end":{"line":25,"column":46}},{"start":{"line":25,"column":50},"end":{"line":25,"column":68}}]},"1":{"loc":{"start":{"line":36,"column":4},"end":{"line":50,"column":5}},"type":"if","locations":[{"start":{"line":36,"column":4},"end":{"line":50,"column":5}}]},"2":{"loc":{"start":{"line":36,"column":8},"end":{"line":36,"column":29}},"type":"binary-expr","locations":[{"start":{"line":36,"column":8},"end":{"line":36,"column":18}},{"start":{"line":36,"column":22},"end":{"line":36,"column":29}}]}},"s":{"0":3,"1":1,"2":1,"3":1,"4":0,"5":0,"6":0,"7":0,"8":0,"9":1,"10":1,"11":1,"12":1,"13":1,"14":0,"15":0,"16":0,"17":0,"18":0,"19":0,"20":1,"21":1},"f":{"0":3,"1":1,"2":1,"3":0,"4":0,"5":1},"b":{"0":[0,0,0,0,0,0],"1":[0],"2":[1,0]}}
,"C:\\disk D\\ESDE\\Design_Patterns\\design-patterns\\src\\shapes\\ellipse.ts": {"path":"C:\\disk D\\ESDE\\Design_Patterns\\design-patterns\\src\\shapes\\ellipse.ts","statementMap":{"0":{"start":{"line":4,"column":31},"end":{"line":4,"column":52}},"1":{"start":{"line":7,"column":15},"end":{"line":7,"column":38}},"2":{"start":{"line":8,"column":15},"end":{"line":8,"column":38}},"3":{"start":{"line":9,"column":4},"end":{"line":9,"column":62}},"4":{"start":{"line":13,"column":15},"end":{"line":13,"column":38}},"5":{"start":{"line":14,"column":15},"end":{"line":14,"column":38}},"6":{"start":{"line":15,"column":4},"end":{"line":15,"column":79}},"7":{"start":{"line":19,"column":14},"end":{"line":19,"column":91}},"8":{"start":{"line":20,"column":14},"end":{"line":20,"column":91}},"9":{"start":{"line":21,"column":4},"end":{"line":21,"column":27}},"10":{"start":{"line":25,"column":14},"end":{"line":25,"column":91}},"11":{"start":{"line":26,"column":14},"end":{"line":26,"column":91}},"12":{"start":{"line":27,"column":14},"end":{"line":27,"column":53}},"13":{"start":{"line":28,"column":4},"end":{"line":28,"column":75}},"14":{"start":{"line":32,"column":15},"end":{"line":32,"column":45}},"15":{"start":{"line":33,"column":15},"end":{"line":33,"column":45}},"16":{"start":{"line":34,"column":15},"end":{"line":34,"column":45}},"17":{"start":{"line":35,"column":15},"end":{"line":35,"column":45}},"18":{"start":{"line":37,"column":17},"end":{"line":37,"column":33}},"19":{"start":{"line":38,"column":17},"end":{"line":38,"column":33}},"20":{"start":{"line":39,"column":17},"end":{"line":39,"column":33}},"21":{"start":{"line":40,"column":17},"end":{"line":40,"column":33}},"22":{"start":{"line":42,"column":21},"end":{"line":42,"column":72}},"23":{"start":{"line":43,"column":21},"end":{"line":43,"column":72}},"24":{"start":{"line":45,"column":4},"end":{"line":45,"column":62}},"25":{"start":{"line":3,"column":0},"end":{"line":3,"column":13}}},"fnMap":{"0":{"name":"(anonymous_0)","decl":{"start":{"line":4,"column":2},"end":{"line":4,"column":31}},"loc":{"start":{"line":4,"column":52},"end":{"line":4,"column":56}}},"1":{"name":"(anonymous_1)","decl":{"start":{"line":6,"column":2},"end":{"line":6,"column":11}},"loc":{"start":{"line":6,"column":11},"end":{"line":10,"column":3}}},"2":{"name":"(anonymous_2)","decl":{"start":{"line":12,"column":2},"end":{"line":12,"column":10}},"loc":{"start":{"line":12,"column":10},"end":{"line":16,"column":3}}},"3":{"name":"(anonymous_3)","decl":{"start":{"line":18,"column":2},"end":{"line":18,"column":6}},"loc":{"start":{"line":18,"column":6},"end":{"line":22,"column":3}}},"4":{"name":"(anonymous_4)","decl":{"start":{"line":24,"column":2},"end":{"line":24,"column":11}},"loc":{"start":{"line":24,"column":11},"end":{"line":29,"column":3}}},"5":{"name":"(anonymous_5)","decl":{"start":{"line":31,"column":2},"end":{"line":31,"column":20}},"loc":{"start":{"line":31,"column":37},"end":{"line":46,"column":3}}}},"branchMap":{"0":{"loc":{"start":{"line":9,"column":11},"end":{"line":9,"column":61}},"type":"binary-expr","locations":[{"start":{"line":9,"column":11},"end":{"line":9,"column":34}},{"start":{"line":9,"column":38},"end":{"line":9,"column":61}}]},"1":{"loc":{"start":{"line":42,"column":21},"end":{"line":42,"column":72}},"type":"binary-expr","locations":[{"start":{"line":42,"column":21},"end":{"line":42,"column":30}},{"start":{"line":42,"column":34},"end":{"line":42,"column":43}},{"start":{"line":42,"column":47},"end":{"line":42,"column":72}}]},"2":{"loc":{"start":{"line":43,"column":21},"end":{"line":43,"column":72}},"type":"binary-expr","locations":[{"start":{"line":43,"column":21},"end":{"line":43,"column":30}},{"start":{"line":43,"column":34},"end":{"line":43,"column":43}},{"start":{"line":43,"column":47},"end":{"line":43,"column":72}}]},"3":{"loc":{"start":{"line":45,"column":11},"end":{"line":45,"column":61}},"type":"binary-expr","locations":[{"start":{"line":45,"column":12},"end":{"line":45,"column":20}},{"start":{"line":45,"column":24},"end":{"line":45,"column":33}},{"start":{"line":45,"column":39},"end":{"line":45,"column":48}},{"start":{"line":45,"column":52},"end":{"line":45,"column":60}}]}},"s":{"0":3,"1":1,"2":1,"3":1,"4":1,"5":1,"6":1,"7":1,"8":1,"9":1,"10":0,"11":0,"12":0,"13":0,"14":0,"15":0,"16":0,"17":0,"18":0,"19":0,"20":0,"21":0,"22":0,"23":0,"24":0,"25":1},"f":{"0":3,"1":1,"2":1,"3":1,"4":0,"5":0},"b":{"0":[1,1],"1":[0,0,0],"2":[0,0,0],"3":[0,0,0,0]}}
}
