{"C:\\disk D\\ESDE\\Design_Patterns\\design-patterns\\src\\entities\\main-entities.ts": {"path":"C:\\disk D\\ESDE\\Design_Patterns\\design-patterns\\src\\entities\\main-entities.ts","statementMap":{"0":{"start":{"line":1,"column":0},"end":{"line":1,"column":36}},"1":{"start":{"line":9,"column":4},"end":{"line":9,"column":15}},"2":{"start":{"line":10,"column":4},"end":{"line":10,"column":15}},"3":{"start":{"line":11,"column":4},"end":{"line":11,"column":15}},"4":{"start":{"line":15,"column":4},"end":{"line":15,"column":18}},"5":{"start":{"line":19,"column":4},"end":{"line":19,"column":18}},"6":{"start":{"line":23,"column":4},"end":{"line":23,"column":18}},"7":{"start":{"line":27,"column":4},"end":{"line":27,"column":36}},"8":{"start":{"line":3,"column":0},"end":{"line":3,"column":13}},"9":{"start":{"line":36,"column":4},"end":{"line":36,"column":21}},"10":{"start":{"line":37,"column":4},"end":{"line":37,"column":23}},"11":{"start":{"line":41,"column":4},"end":{"line":41,"column":21}},"12":{"start":{"line":45,"column":4},"end":{"line":45,"column":21}},"13":{"start":{"line":49,"column":4},"end":{"line":49,"column":19}},"14":{"start":{"line":31,"column":0},"end":{"line":31,"column":13}}},"fnMap":{"0":{"name":"(anonymous_0)","decl":{"start":{"line":8,"column":2},"end":{"line":8,"column":14}},"loc":{"start":{"line":8,"column":49},"end":{"line":12,"column":3}}},"1":{"name":"(anonymous_1)","decl":{"start":{"line":14,"column":2},"end":{"line":14,"column":6}},"loc":{"start":{"line":14,"column":6},"end":{"line":16,"column":3}}},"2":{"name":"(anonymous_2)","decl":{"start":{"line":18,"column":2},"end":{"line":18,"column":6}},"loc":{"start":{"line":18,"column":6},"end":{"line":20,"column":3}}},"3":{"name":"(anonymous_3)","decl":{"start":{"line":22,"column":2},"end":{"line":22,"column":6}},"loc":{"start":{"line":22,"column":6},"end":{"line":24,"column":3}}},"4":{"name":"(anonymous_4)","decl":{"start":{"line":26,"column":2},"end":{"line":26,"column":10}},"loc":{"start":{"line":26,"column":10},"end":{"line":28,"column":3}}},"5":{"name":"(anonymous_5)","decl":{"start":{"line":35,"column":2},"end":{"line":35,"column":14}},"loc":{"start":{"line":35,"column":26},"end":{"line":38,"column":3}}},"6":{"name":"(anonymous_6)","decl":{"start":{"line":40,"column":2},"end":{"line":40,"column":9}},"loc":{"start":{"line":40,"column":9},"end":{"line":42,"column":3}}},"7":{"name":"(anonymous_7)","decl":{"start":{"line":44,"column":2},"end":{"line":44,"column":9}},"loc":{"start":{"line":44,"column":22},"end":{"line":46,"column":3}}},"8":{"name":"(anonymous_8)","decl":{"start":{"line":48,"column":2},"end":{"line":48,"column":7}},"loc":{"start":{"line":48,"column":7},"end":{"line":50,"column":3}}}},"branchMap":{"0":{"loc":{"start":{"line":8,"column":36},"end":{"line":8,"column":49}},"type":"default-arg","locations":[{"start":{"line":8,"column":48},"end":{"line":8,"column":49}}]}},"s":{"0":2,"1":19,"2":19,"3":19,"4":17,"5":16,"6":6,"7":0,"8":2,"9":14,"10":14,"11":0,"12":0,"13":0,"14":2},"f":{"0":19,"1":17,"2":16,"3":6,"4":0,"5":14,"6":0,"7":0,"8":0},"b":{"0":[14]}}
,"C:\\disk D\\ESDE\\Design_Patterns\\design-patterns\\src\\entities\\shape-entities.ts": {"path":"C:\\disk D\\ESDE\\Design_Patterns\\design-patterns\\src\\entities\\shape-entities.ts","statementMap":{"0":{"start":{"line":1,"column":0},"end":{"line":1,"column":47}},"1":{"start":{"line":9,"column":4},"end":{"line":9,"column":16}},"2":{"start":{"line":5,"column":12},"end":{"line":5,"column":25}},"3":{"start":{"line":6,"column":12},"end":{"line":6,"column":25}},"4":{"start":{"line":13,"column":4},"end":{"line":13,"column":23}},"5":{"start":{"line":17,"column":4},"end":{"line":17,"column":23}},"6":{"start":{"line":3,"column":0},"end":{"line":3,"column":13}},"7":{"start":{"line":27,"column":4},"end":{"line":27,"column":16}},"8":{"start":{"line":23,"column":12},"end":{"line":23,"column":24}},"9":{"start":{"line":24,"column":12},"end":{"line":24,"column":30}},"10":{"start":{"line":31,"column":4},"end":{"line":31,"column":22}},"11":{"start":{"line":35,"column":4},"end":{"line":35,"column":27}},"12":{"start":{"line":21,"column":0},"end":{"line":21,"column":13}}},"fnMap":{"0":{"name":"(anonymous_0)","decl":{"start":{"line":4,"column":2},"end":{"line":4,"column":null}},"loc":{"start":{"line":7,"column":16},"end":{"line":10,"column":3}}},"1":{"name":"(anonymous_1)","decl":{"start":{"line":12,"column":2},"end":{"line":12,"column":11}},"loc":{"start":{"line":12,"column":11},"end":{"line":14,"column":3}}},"2":{"name":"(anonymous_2)","decl":{"start":{"line":16,"column":2},"end":{"line":16,"column":11}},"loc":{"start":{"line":16,"column":11},"end":{"line":18,"column":3}}},"3":{"name":"(anonymous_3)","decl":{"start":{"line":22,"column":2},"end":{"line":22,"column":null}},"loc":{"start":{"line":25,"column":16},"end":{"line":28,"column":3}}},"4":{"name":"(anonymous_4)","decl":{"start":{"line":30,"column":2},"end":{"line":30,"column":15}},"loc":{"start":{"line":30,"column":15},"end":{"line":32,"column":3}}},"5":{"name":"(anonymous_5)","decl":{"start":{"line":34,"column":2},"end":{"line":34,"column":15}},"loc":{"start":{"line":34,"column":15},"end":{"line":36,"column":3}}}},"branchMap":{},"s":{"0":2,"1":7,"2":7,"3":7,"4":7,"5":7,"6":2,"7":7,"8":7,"9":7,"10":4,"11":7,"12":2},"f":{"0":7,"1":7,"2":7,"3":7,"4":4,"5":7},"b":{}}
,"C:\\disk D\\ESDE\\Design_Patterns\\design-patterns\\src\\shapes\\cube.ts": {"path":"C:\\disk D\\ESDE\\Design_Patterns\\design-patterns\\src\\shapes\\cube.ts","statementMap":{"0":{"start":{"line":2,"column":0},"end":{"line":2,"column":56}},"1":{"start":{"line":7,"column":4},"end":{"line":7,"column":40}},"2":{"start":{"line":11,"column":4},"end":{"line":11,"column":36}},"3":{"start":{"line":15,"column":23},"end":{"line":15,"column":43}},"4":{"start":{"line":16,"column":4},"end":{"line":16,"column":39}},"5":{"start":{"line":20,"column":23},"end":{"line":20,"column":43}},"6":{"start":{"line":21,"column":4},"end":{"line":21,"column":36}},"7":{"start":{"line":25,"column":18},"end":{"line":25,"column":38}},"8":{"start":{"line":26,"column":23},"end":{"line":26,"column":43}},"9":{"start":{"line":27,"column":4},"end":{"line":30,"column":6}},"10":{"start":{"line":34,"column":18},"end":{"line":34,"column":38}},"11":{"start":{"line":35,"column":23},"end":{"line":35,"column":43}},"12":{"start":{"line":36,"column":19},"end":{"line":36,"column":31}},"13":{"start":{"line":37,"column":16},"end":{"line":37,"column":41}},"14":{"start":{"line":39,"column":4},"end":{"line":44,"column":5}},"15":{"start":{"line":40,"column":26},"end":{"line":40,"column":49}},"16":{"start":{"line":41,"column":20},"end":{"line":41,"column":36}},"17":{"start":{"line":42,"column":26},"end":{"line":42,"column":57}},"18":{"start":{"line":43,"column":6},"end":{"line":43,"column":39}},"19":{"start":{"line":46,"column":4},"end":{"line":46,"column":13}},"20":{"start":{"line":5,"column":0},"end":{"line":5,"column":13}}},"fnMap":{"0":{"name":"(anonymous_0)","decl":{"start":{"line":6,"column":2},"end":{"line":6,"column":14}},"loc":{"start":{"line":6,"column":65},"end":{"line":8,"column":3}}},"1":{"name":"(anonymous_1)","decl":{"start":{"line":10,"column":2},"end":{"line":10,"column":8}},"loc":{"start":{"line":10,"column":8},"end":{"line":12,"column":3}}},"2":{"name":"(anonymous_2)","decl":{"start":{"line":14,"column":2},"end":{"line":14,"column":13}},"loc":{"start":{"line":14,"column":13},"end":{"line":17,"column":3}}},"3":{"name":"(anonymous_3)","decl":{"start":{"line":19,"column":2},"end":{"line":19,"column":8}},"loc":{"start":{"line":19,"column":8},"end":{"line":22,"column":3}}},"4":{"name":"(anonymous_4)","decl":{"start":{"line":24,"column":2},"end":{"line":24,"column":25}},"loc":{"start":{"line":24,"column":25},"end":{"line":31,"column":3}}},"5":{"name":"(anonymous_5)","decl":{"start":{"line":33,"column":2},"end":{"line":33,"column":23}},"loc":{"start":{"line":33,"column":23},"end":{"line":47,"column":3}}}},"branchMap":{"0":{"loc":{"start":{"line":28,"column":6},"end":{"line":29,"column":107}},"type":"binary-expr","locations":[{"start":{"line":28,"column":6},"end":{"line":28,"column":24}},{"start":{"line":28,"column":28},"end":{"line":28,"column":46}},{"start":{"line":28,"column":50},"end":{"line":28,"column":68}},{"start":{"line":29,"column":6},"end":{"line":29,"column":37}},{"start":{"line":29,"column":41},"end":{"line":29,"column":72}},{"start":{"line":29,"column":76},"end":{"line":29,"column":107}}]},"1":{"loc":{"start":{"line":39,"column":4},"end":{"line":44,"column":5}},"type":"if","locations":[{"start":{"line":39,"column":4},"end":{"line":44,"column":5}}]},"2":{"loc":{"start":{"line":39,"column":8},"end":{"line":39,"column":29}},"type":"binary-expr","locations":[{"start":{"line":39,"column":8},"end":{"line":39,"column":18}},{"start":{"line":39,"column":22},"end":{"line":39,"column":29}}]}},"s":{"0":1,"1":7,"2":1,"3":1,"4":1,"5":1,"6":1,"7":2,"8":2,"9":2,"10":2,"11":2,"12":2,"13":2,"14":2,"15":1,"16":1,"17":1,"18":1,"19":1,"20":1},"f":{"0":7,"1":1,"2":1,"3":1,"4":2,"5":2},"b":{"0":[2,1,1,1,1,1],"1":[1],"2":[2,1]}}
,"C:\\disk D\\ESDE\\Design_Patterns\\design-patterns\\src\\shapes\\ellipse.ts": {"path":"C:\\disk D\\ESDE\\Design_Patterns\\design-patterns\\src\\shapes\\ellipse.ts","statementMap":{"0":{"start":{"line":2,"column":0},"end":{"line":2,"column":59}},"1":{"start":{"line":6,"column":4},"end":{"line":6,"column":32}},"2":{"start":{"line":10,"column":19},"end":{"line":10,"column":35}},"3":{"start":{"line":11,"column":19},"end":{"line":11,"column":35}},"4":{"start":{"line":12,"column":4},"end":{"line":12,"column":78}},"5":{"start":{"line":16,"column":19},"end":{"line":16,"column":35}},"6":{"start":{"line":17,"column":19},"end":{"line":17,"column":35}},"7":{"start":{"line":18,"column":4},"end":{"line":18,"column":95}},"8":{"start":{"line":22,"column":19},"end":{"line":22,"column":35}},"9":{"start":{"line":23,"column":19},"end":{"line":23,"column":35}},"10":{"start":{"line":24,"column":14},"end":{"line":24,"column":57}},"11":{"start":{"line":25,"column":14},"end":{"line":25,"column":57}},"12":{"start":{"line":26,"column":4},"end":{"line":26,"column":27}},"13":{"start":{"line":30,"column":19},"end":{"line":30,"column":35}},"14":{"start":{"line":31,"column":19},"end":{"line":31,"column":35}},"15":{"start":{"line":32,"column":14},"end":{"line":32,"column":57}},"16":{"start":{"line":33,"column":14},"end":{"line":33,"column":57}},"17":{"start":{"line":34,"column":14},"end":{"line":34,"column":53}},"18":{"start":{"line":35,"column":4},"end":{"line":35,"column":75}},"19":{"start":{"line":39,"column":19},"end":{"line":39,"column":35}},"20":{"start":{"line":40,"column":19},"end":{"line":40,"column":35}},"21":{"start":{"line":41,"column":15},"end":{"line":41,"column":28}},"22":{"start":{"line":42,"column":15},"end":{"line":42,"column":28}},"23":{"start":{"line":43,"column":15},"end":{"line":43,"column":28}},"24":{"start":{"line":44,"column":15},"end":{"line":44,"column":28}},"25":{"start":{"line":46,"column":17},"end":{"line":46,"column":33}},"26":{"start":{"line":47,"column":17},"end":{"line":47,"column":33}},"27":{"start":{"line":48,"column":17},"end":{"line":48,"column":33}},"28":{"start":{"line":49,"column":17},"end":{"line":49,"column":33}},"29":{"start":{"line":51,"column":21},"end":{"line":51,"column":72}},"30":{"start":{"line":52,"column":21},"end":{"line":52,"column":72}},"31":{"start":{"line":54,"column":4},"end":{"line":54,"column":62}},"32":{"start":{"line":4,"column":0},"end":{"line":4,"column":13}}},"fnMap":{"0":{"name":"(anonymous_0)","decl":{"start":{"line":5,"column":2},"end":{"line":5,"column":14}},"loc":{"start":{"line":5,"column":56},"end":{"line":7,"column":3}}},"1":{"name":"(anonymous_1)","decl":{"start":{"line":9,"column":2},"end":{"line":9,"column":11}},"loc":{"start":{"line":9,"column":11},"end":{"line":13,"column":3}}},"2":{"name":"(anonymous_2)","decl":{"start":{"line":15,"column":2},"end":{"line":15,"column":10}},"loc":{"start":{"line":15,"column":10},"end":{"line":19,"column":3}}},"3":{"name":"(anonymous_3)","decl":{"start":{"line":21,"column":2},"end":{"line":21,"column":6}},"loc":{"start":{"line":21,"column":6},"end":{"line":27,"column":3}}},"4":{"name":"(anonymous_4)","decl":{"start":{"line":29,"column":2},"end":{"line":29,"column":11}},"loc":{"start":{"line":29,"column":11},"end":{"line":36,"column":3}}},"5":{"name":"(anonymous_5)","decl":{"start":{"line":38,"column":2},"end":{"line":38,"column":20}},"loc":{"start":{"line":38,"column":37},"end":{"line":55,"column":3}}}},"branchMap":{"0":{"loc":{"start":{"line":12,"column":11},"end":{"line":12,"column":77}},"type":"binary-expr","locations":[{"start":{"line":12,"column":11},"end":{"line":12,"column":42}},{"start":{"line":12,"column":46},"end":{"line":12,"column":77}}]},"1":{"loc":{"start":{"line":51,"column":21},"end":{"line":51,"column":72}},"type":"binary-expr","locations":[{"start":{"line":51,"column":21},"end":{"line":51,"column":30}},{"start":{"line":51,"column":34},"end":{"line":51,"column":43}},{"start":{"line":51,"column":47},"end":{"line":51,"column":72}}]},"2":{"loc":{"start":{"line":52,"column":21},"end":{"line":52,"column":72}},"type":"binary-expr","locations":[{"start":{"line":52,"column":21},"end":{"line":52,"column":30}},{"start":{"line":52,"column":34},"end":{"line":52,"column":43}},{"start":{"line":52,"column":47},"end":{"line":52,"column":72}}]},"3":{"loc":{"start":{"line":54,"column":11},"end":{"line":54,"column":61}},"type":"binary-expr","locations":[{"start":{"line":54,"column":12},"end":{"line":54,"column":20}},{"start":{"line":54,"column":24},"end":{"line":54,"column":33}},{"start":{"line":54,"column":39},"end":{"line":54,"column":48}},{"start":{"line":54,"column":52},"end":{"line":54,"column":60}}]}},"s":{"0":1,"1":7,"2":2,"3":2,"4":2,"5":2,"6":2,"7":2,"8":1,"9":1,"10":1,"11":1,"12":1,"13":0,"14":0,"15":0,"16":0,"17":0,"18":0,"19":2,"20":2,"21":2,"22":2,"23":2,"24":2,"25":2,"26":2,"27":2,"28":2,"29":2,"30":2,"31":2,"32":1},"f":{"0":7,"1":2,"2":2,"3":1,"4":0,"5":2},"b":{"0":[2,2],"1":[2,2,2],"2":[2,1,1],"3":[2,2,1,0]}}
}
