TN:
SF:src\entities\main-entities.ts
FN:8,(anonymous_0)
FN:14,(anonymous_1)
FN:18,(anonymous_2)
FN:22,(anonymous_3)
FN:26,(anonymous_4)
FN:35,(anonymous_5)
FN:40,(anonymous_6)
FN:44,(anonymous_7)
FN:48,(anonymous_8)
FNF:9
FNH:5
FNDA:19,(anonymous_0)
FNDA:17,(anonymous_1)
FNDA:16,(anonymous_2)
FNDA:6,(anonymous_3)
FNDA:0,(anonymous_4)
FNDA:14,(anonymous_5)
FNDA:0,(anonymous_6)
FNDA:0,(anonymous_7)
FNDA:0,(anonymous_8)
DA:1,2
DA:3,2
DA:9,19
DA:10,19
DA:11,19
DA:15,17
DA:19,16
DA:23,6
DA:27,0
DA:31,2
DA:36,14
DA:37,14
DA:41,0
DA:45,0
DA:49,0
LF:15
LH:11
BRDA:8,0,0,14
BRF:1
BRH:1
end_of_record
TN:
SF:src\entities\shape-entities.ts
FN:4,(anonymous_0)
FN:12,(anonymous_1)
FN:16,(anonymous_2)
FN:22,(anonymous_3)
FN:30,(anonymous_4)
FN:34,(anonymous_5)
FNF:6
FNH:6
FNDA:7,(anonymous_0)
FNDA:7,(anonymous_1)
FNDA:7,(anonymous_2)
FNDA:7,(anonymous_3)
FNDA:4,(anonymous_4)
FNDA:7,(anonymous_5)
DA:1,2
DA:3,2
DA:5,7
DA:6,7
DA:9,7
DA:13,7
DA:17,7
DA:21,2
DA:23,7
DA:24,7
DA:27,7
DA:31,4
DA:35,7
LF:13
LH:13
BRF:0
BRH:0
end_of_record
TN:
SF:src\shapes\cube.ts
FN:6,(anonymous_0)
FN:10,(anonymous_1)
FN:14,(anonymous_2)
FN:19,(anonymous_3)
FN:24,(anonymous_4)
FN:33,(anonymous_5)
FNF:6
FNH:6
FNDA:7,(anonymous_0)
FNDA:1,(anonymous_1)
FNDA:1,(anonymous_2)
FNDA:1,(anonymous_3)
FNDA:2,(anonymous_4)
FNDA:2,(anonymous_5)
DA:2,1
DA:5,1
DA:7,7
DA:11,1
DA:15,1
DA:16,1
DA:20,1
DA:21,1
DA:25,2
DA:26,2
DA:27,2
DA:34,2
DA:35,2
DA:36,2
DA:37,2
DA:39,2
DA:40,1
DA:41,1
DA:42,1
DA:43,1
DA:46,1
LF:21
LH:21
BRDA:28,0,0,2
BRDA:28,0,1,1
BRDA:28,0,2,1
BRDA:28,0,3,1
BRDA:28,0,4,1
BRDA:28,0,5,1
BRDA:39,1,0,1
BRDA:39,2,0,2
BRDA:39,2,1,1
BRF:9
BRH:9
end_of_record
TN:
SF:src\shapes\ellipse.ts
FN:5,(anonymous_0)
FN:9,(anonymous_1)
FN:15,(anonymous_2)
FN:21,(anonymous_3)
FN:29,(anonymous_4)
FN:38,(anonymous_5)
FNF:6
FNH:5
FNDA:7,(anonymous_0)
FNDA:2,(anonymous_1)
FNDA:2,(anonymous_2)
FNDA:1,(anonymous_3)
FNDA:0,(anonymous_4)
FNDA:2,(anonymous_5)
DA:2,1
DA:4,1
DA:6,7
DA:10,2
DA:11,2
DA:12,2
DA:16,2
DA:17,2
DA:18,2
DA:22,1
DA:23,1
DA:24,1
DA:25,1
DA:26,1
DA:30,0
DA:31,0
DA:32,0
DA:33,0
DA:34,0
DA:35,0
DA:39,2
DA:40,2
DA:41,2
DA:42,2
DA:43,2
DA:44,2
DA:46,2
DA:47,2
DA:48,2
DA:49,2
DA:51,2
DA:52,2
DA:54,2
LF:33
LH:27
BRDA:12,0,0,2
BRDA:12,0,1,2
BRDA:51,1,0,2
BRDA:51,1,1,2
BRDA:51,1,2,2
BRDA:52,2,0,2
BRDA:52,2,1,1
BRDA:52,2,2,1
BRDA:54,3,0,2
BRDA:54,3,1,2
BRDA:54,3,2,1
BRDA:54,3,3,0
BRF:12
BRH:11
end_of_record
